This is pdfTeX, Version 3.141592653-2.6-1.40.25 (TeX Live 2023/Debian) (preloaded format=latex 2024.5.9)  9 MAY 2024 14:48
entering extended mode
 restricted \write18 enabled.
 %&-line parsing enabled.
**media/Tex/ba96de15f98acfc8.tex
(./media/Tex/ba96de15f98acfc8.tex
LaTeX2e <2023-06-01>
L3 programming layer <2023-06-05>

! LaTeX Error: File `standalone.cls' not found.

Type X to quit or <RETURN> to proceed,
or enter new name. (Default extension: cls)

Enter file name: 
! Emergency stop.
<read *> 
         
l.2 \usepackage
               [english]{babel}^^M 
Here is how much of TeX's memory you used:
 22 strings out of 477696
 554 string characters out of 5831675
 1851756 words of memory out of 5000000
 20613 multiletter control sequences out of 15000+600000
 513387 words of font info for 34 fonts, out of 8000000 for 9000
 14 hyphenation exceptions out of 8191
 19i,0n,29p,97b,17s stack positions out of 10000i,1000n,20000p,200000b,200000s

No pages of output.
